<?xml version="1.0" encoding="UTF-8"?>
<!-- Generated by org.testng.reporters.JUnitXMLReporter -->
<testsuite ignored="0" hostname="DESKTOP-IJK0I6N" failures="0" tests="7" name="Default test" time="113.806" errors="0" timestamp="2022-06-15T10:45:47 AEST">
  <testcase classname="flipkartTest.HomePage" name="openBrowser" time="14.414"/>
  <testcase classname="flipkartTest.HomePage" name="openUrl" time="43.76"/>
  <testcase classname="flipkartTest.HomePage" name="closingModel" time="2.279"/>
  <testcase classname="flipkartTest.HomePage" name="openingOptions" time="4.915"/>
  <testcase classname="flipkartTest.HomePage" name="priceSlider" time="4.028"/>
  <testcase classname="flipkartTest.HomePage" name="redmiGoPage" time="2.405"/>
  <testcase classname="flipkartTest.HomePage" name="clickOnVideo" time="41.698"/>
</testsuite> <!-- Default test -->
