<?xml version="1.0" encoding="UTF-8"?>
<!-- Generated by org.testng.reporters.JUnitXMLReporter -->
<testsuite ignored="0" hostname="DESKTOP-IJK0I6N" failures="0" tests="5" name="1.fkartLoginPageTest" time="53.486" errors="0" timestamp="2022-06-15T11:40:43 AEST">
  <testcase classname="flipkartTest.LoginPageTest" name="openBrowser" time="3.574"/>
  <testcase classname="flipkartTest.LoginPageTest" name="openUrl" time="39.115"/>
  <testcase classname="flipkartTest.LoginPageTest" name="closingModel" time="2.243"/>
  <testcase classname="flipkartTest.LoginPageTest" name="openingOptions" time="4.292"/>
  <testcase classname="flipkartTest.LoginPageTest" name="close" time="4.204"/>
</testsuite> <!-- 1.fkartLoginPageTest -->
