<?xml version="1.0" encoding="UTF-8"?>
<!-- Generated by org.testng.reporters.JUnitXMLReporter -->
<testsuite ignored="0" hostname="DESKTOP-IJK0I6N" failures="0" tests="6" name="2.fkartPriceSliderTest" time="53.2" errors="0" timestamp="2022-06-15T11:41:36 AEST">
  <testcase classname="flipkartTest.PriceSlider" name="openBrowser" time="1.909"/>
  <testcase classname="flipkartTest.PriceSlider" name="openUrl" time="38.132"/>
  <testcase classname="flipkartTest.PriceSlider" name="closingModel" time="2.253"/>
  <testcase classname="flipkartTest.PriceSlider" name="openingOptions" time="4.333"/>
  <testcase classname="flipkartTest.PriceSlider" name="priceSlider" time="2.383"/>
  <testcase classname="flipkartTest.PriceSlider" name="close" time="4.185"/>
</testsuite> <!-- 2.fkartPriceSliderTest -->
