<?xml version="1.0" encoding="UTF-8"?>
<!-- Generated by org.testng.reporters.JUnitXMLReporter -->
<testsuite ignored="0" hostname="DESKTOP-IJK0I6N" failures="0" tests="8" name="3.fkartRedmiPageTest" time="91.457" errors="0" timestamp="2022-06-15T11:43:08 AEST">
  <testcase classname="flipkartTest.RedmiTest" name="openBrowser" time="1.909"/>
  <testcase classname="flipkartTest.RedmiTest" name="openUrl" time="37.28"/>
  <testcase classname="flipkartTest.RedmiTest" name="closingModel" time="2.233"/>
  <testcase classname="flipkartTest.RedmiTest" name="openingOptions" time="4.336"/>
  <testcase classname="flipkartTest.RedmiTest" name="priceSlider" time="2.334"/>
  <testcase classname="flipkartTest.RedmiTest" name="redmiPage" time="2.406"/>
  <testcase classname="flipkartTest.RedmiTest" name="clickOnVideo" time="39.893"/>
  <testcase classname="flipkartTest.RedmiTest" name="close" time="1.053"/>
</testsuite> <!-- 3.fkartRedmiPageTest -->
