<?xml version="1.0" encoding="UTF-8"?>
<testng-results ignored="0" total="19" passed="19" failed="0" skipped="0">
  <reporter-output>
  </reporter-output>
  <suite started-at="2022-06-15T11:39:49 AEST" name="fkartTesting" finished-at="2022-06-15T11:43:08 AEST" duration-ms="198284">
    <groups>
    </groups>
    <test started-at="2022-06-15T11:39:49 AEST" name="1.fkartLoginPageTest" finished-at="2022-06-15T11:40:43 AEST" duration-ms="53486">
      <class name="flipkartTest.LoginPageTest">
        <test-method signature="openBrowser()[pri:1, instance:flipkartTest.LoginPageTest@11bd0f3b]" started-at="2022-06-15T11:39:49 AEST" name="openBrowser" finished-at="2022-06-15T11:39:53 AEST" duration-ms="3574" status="PASS">
          <reporter-output>
          </reporter-output>
        </test-method> <!-- openBrowser -->
        <test-method signature="openUrl()[pri:2, instance:flipkartTest.LoginPageTest@11bd0f3b]" started-at="2022-06-15T11:39:53 AEST" name="openUrl" finished-at="2022-06-15T11:40:32 AEST" duration-ms="39115" status="PASS">
          <reporter-output>
          </reporter-output>
        </test-method> <!-- openUrl -->
        <test-method signature="closingModel()[pri:3, instance:flipkartTest.LoginPageTest@11bd0f3b]" started-at="2022-06-15T11:40:32 AEST" name="closingModel" finished-at="2022-06-15T11:40:34 AEST" duration-ms="2243" status="PASS">
          <reporter-output>
          </reporter-output>
        </test-method> <!-- closingModel -->
        <test-method signature="openingOptions()[pri:4, instance:flipkartTest.LoginPageTest@11bd0f3b]" started-at="2022-06-15T11:40:34 AEST" name="openingOptions" finished-at="2022-06-15T11:40:39 AEST" duration-ms="4292" status="PASS">
          <reporter-output>
          </reporter-output>
        </test-method> <!-- openingOptions -->
        <test-method signature="close()[pri:5, instance:flipkartTest.LoginPageTest@11bd0f3b]" started-at="2022-06-15T11:40:39 AEST" name="close" finished-at="2022-06-15T11:40:43 AEST" duration-ms="4204" status="PASS">
          <reporter-output>
          </reporter-output>
        </test-method> <!-- close -->
      </class> <!-- flipkartTest.LoginPageTest -->
    </test> <!-- 1.fkartLoginPageTest -->
    <test started-at="2022-06-15T11:40:43 AEST" name="2.fkartPriceSliderTest" finished-at="2022-06-15T11:41:36 AEST" duration-ms="53200">
      <class name="flipkartTest.PriceSlider">
        <test-method signature="openBrowser()[pri:1, instance:flipkartTest.PriceSlider@7133da86]" started-at="2022-06-15T11:40:43 AEST" name="openBrowser" finished-at="2022-06-15T11:40:45 AEST" duration-ms="1909" status="PASS">
          <reporter-output>
          </reporter-output>
        </test-method> <!-- openBrowser -->
        <test-method signature="openUrl()[pri:2, instance:flipkartTest.PriceSlider@7133da86]" started-at="2022-06-15T11:40:45 AEST" name="openUrl" finished-at="2022-06-15T11:41:23 AEST" duration-ms="38132" status="PASS">
          <reporter-output>
          </reporter-output>
        </test-method> <!-- openUrl -->
        <test-method signature="closingModel()[pri:3, instance:flipkartTest.PriceSlider@7133da86]" started-at="2022-06-15T11:41:23 AEST" name="closingModel" finished-at="2022-06-15T11:41:25 AEST" duration-ms="2253" status="PASS">
          <reporter-output>
          </reporter-output>
        </test-method> <!-- closingModel -->
        <test-method signature="openingOptions()[pri:4, instance:flipkartTest.PriceSlider@7133da86]" started-at="2022-06-15T11:41:25 AEST" name="openingOptions" finished-at="2022-06-15T11:41:30 AEST" duration-ms="4333" status="PASS">
          <reporter-output>
          </reporter-output>
        </test-method> <!-- openingOptions -->
        <test-method signature="priceSlider()[pri:5, instance:flipkartTest.PriceSlider@7133da86]" started-at="2022-06-15T11:41:30 AEST" name="priceSlider" finished-at="2022-06-15T11:41:32 AEST" duration-ms="2383" status="PASS">
          <reporter-output>
          </reporter-output>
        </test-method> <!-- priceSlider -->
        <test-method signature="close()[pri:6, instance:flipkartTest.PriceSlider@7133da86]" started-at="2022-06-15T11:41:32 AEST" name="close" finished-at="2022-06-15T11:41:36 AEST" duration-ms="4185" status="PASS">
          <reporter-output>
          </reporter-output>
        </test-method> <!-- close -->
      </class> <!-- flipkartTest.PriceSlider -->
    </test> <!-- 2.fkartPriceSliderTest -->
    <test started-at="2022-06-15T11:41:36 AEST" name="3.fkartRedmiPageTest" finished-at="2022-06-15T11:43:08 AEST" duration-ms="91457">
      <class name="flipkartTest.RedmiTest">
        <test-method signature="openBrowser()[pri:1, instance:flipkartTest.RedmiTest@4229bb3f]" started-at="2022-06-15T11:41:36 AEST" name="openBrowser" finished-at="2022-06-15T11:41:38 AEST" duration-ms="1909" status="PASS">
          <reporter-output>
          </reporter-output>
        </test-method> <!-- openBrowser -->
        <test-method signature="openUrl()[pri:2, instance:flipkartTest.RedmiTest@4229bb3f]" started-at="2022-06-15T11:41:38 AEST" name="openUrl" finished-at="2022-06-15T11:42:15 AEST" duration-ms="37280" status="PASS">
          <reporter-output>
          </reporter-output>
        </test-method> <!-- openUrl -->
        <test-method signature="closingModel()[pri:3, instance:flipkartTest.RedmiTest@4229bb3f]" started-at="2022-06-15T11:42:15 AEST" name="closingModel" finished-at="2022-06-15T11:42:18 AEST" duration-ms="2233" status="PASS">
          <reporter-output>
          </reporter-output>
        </test-method> <!-- closingModel -->
        <test-method signature="openingOptions()[pri:4, instance:flipkartTest.RedmiTest@4229bb3f]" started-at="2022-06-15T11:42:18 AEST" name="openingOptions" finished-at="2022-06-15T11:42:22 AEST" duration-ms="4336" status="PASS">
          <reporter-output>
          </reporter-output>
        </test-method> <!-- openingOptions -->
        <test-method signature="priceSlider()[pri:5, instance:flipkartTest.RedmiTest@4229bb3f]" started-at="2022-06-15T11:42:22 AEST" name="priceSlider" finished-at="2022-06-15T11:42:24 AEST" duration-ms="2334" status="PASS">
          <reporter-output>
          </reporter-output>
        </test-method> <!-- priceSlider -->
        <test-method signature="redmiPage()[pri:6, instance:flipkartTest.RedmiTest@4229bb3f]" started-at="2022-06-15T11:42:24 AEST" name="redmiPage" finished-at="2022-06-15T11:42:27 AEST" duration-ms="2406" status="PASS">
          <reporter-output>
          </reporter-output>
        </test-method> <!-- redmiPage -->
        <test-method signature="clickOnVideo()[pri:7, instance:flipkartTest.RedmiTest@4229bb3f]" started-at="2022-06-15T11:42:27 AEST" name="clickOnVideo" finished-at="2022-06-15T11:43:07 AEST" duration-ms="39893" status="PASS">
          <reporter-output>
          </reporter-output>
        </test-method> <!-- clickOnVideo -->
        <test-method signature="close()[pri:8, instance:flipkartTest.RedmiTest@4229bb3f]" started-at="2022-06-15T11:43:07 AEST" name="close" finished-at="2022-06-15T11:43:08 AEST" duration-ms="1053" status="PASS">
          <reporter-output>
          </reporter-output>
        </test-method> <!-- close -->
      </class> <!-- flipkartTest.RedmiTest -->
    </test> <!-- 3.fkartRedmiPageTest -->
  </suite> <!-- fkartTesting -->
</testng-results>
